[2025-12-24T07:07:17.079+0000] {local_task_job_runner.py:120} INFO - ::group::Pre task execution logs
[2025-12-24T07:07:17.099+0000] {taskinstance.py:2076} INFO - Dependencies all met for dep_context=non-requeueable deps ti=<TaskInstance: dbt_transformations_dag.dbt_run scheduled__2025-12-23T00:00:00+00:00 [queued]>
[2025-12-24T07:07:17.103+0000] {taskinstance.py:2076} INFO - Dependencies all met for dep_context=requeueable deps ti=<TaskInstance: dbt_transformations_dag.dbt_run scheduled__2025-12-23T00:00:00+00:00 [queued]>
[2025-12-24T07:07:17.103+0000] {taskinstance.py:2306} INFO - Starting attempt 1 of 1
[2025-12-24T07:07:17.108+0000] {taskinstance.py:2330} INFO - Executing <Task(BashOperator): dbt_run> on 2025-12-23 00:00:00+00:00
[2025-12-24T07:07:17.116+0000] {logging_mixin.py:188} WARNING - /home/***/.local/lib/python3.12/site-packages/***/task/task_runner/standard_task_runner.py:62 DeprecationWarning: This process (pid=327) is multi-threaded, use of fork() may lead to deadlocks in the child.
[2025-12-24T07:07:17.114+0000] {standard_task_runner.py:90} INFO - Running: ['***', 'tasks', 'run', 'dbt_transformations_dag', 'dbt_run', 'scheduled__2025-12-23T00:00:00+00:00', '--job-id', '16', '--raw', '--subdir', 'DAGS_FOLDER/dbt_transformations_dag.py', '--cfg-path', '/tmp/tmpfa8eimb0']
[2025-12-24T07:07:17.118+0000] {standard_task_runner.py:64} INFO - Started process 328 to run task
[2025-12-24T07:07:17.118+0000] {standard_task_runner.py:91} INFO - Job 16: Subtask dbt_run
[2025-12-24T07:07:17.144+0000] {task_command.py:426} INFO - Running <TaskInstance: dbt_transformations_dag.dbt_run scheduled__2025-12-23T00:00:00+00:00 [running]> on host 9ee1a54ce25d
[2025-12-24T07:07:17.197+0000] {taskinstance.py:2648} INFO - Exporting env vars: AIRFLOW_CTX_DAG_OWNER='***' AIRFLOW_CTX_DAG_ID='dbt_transformations_dag' AIRFLOW_CTX_TASK_ID='dbt_run' AIRFLOW_CTX_EXECUTION_DATE='2025-12-23T00:00:00+00:00' AIRFLOW_CTX_TRY_NUMBER='1' AIRFLOW_CTX_DAG_RUN_ID='scheduled__2025-12-23T00:00:00+00:00'
[2025-12-24T07:07:17.197+0000] {taskinstance.py:430} INFO - ::endgroup::
[2025-12-24T07:07:17.208+0000] {subprocess.py:63} INFO - Tmp dir root location: /tmp
[2025-12-24T07:07:17.210+0000] {subprocess.py:75} INFO - Running command: ['/usr/bin/bash', '-c', 'cd /opt/***/dbt && dbt run --profiles-dir .']
[2025-12-24T07:07:17.218+0000] {subprocess.py:86} INFO - Output:
[2025-12-24T07:07:18.700+0000] {subprocess.py:93} INFO - [0m07:07:18  Running with dbt=1.11.2
[2025-12-24T07:07:18.901+0000] {subprocess.py:93} INFO - [0m07:07:18  Registered adapter: postgres=1.10.0
[2025-12-24T07:07:18.957+0000] {subprocess.py:93} INFO - [0m07:07:18  Unable to do partial parsing because saved manifest not found. Starting full parse.
[2025-12-24T07:07:19.545+0000] {subprocess.py:93} INFO - [0m07:07:19  Found 3 models, 2 sources, 463 macros
[2025-12-24T07:07:19.546+0000] {subprocess.py:93} INFO - [0m07:07:19
[2025-12-24T07:07:19.546+0000] {subprocess.py:93} INFO - [0m07:07:19  Concurrency: 1 threads (target='dev')
[2025-12-24T07:07:19.547+0000] {subprocess.py:93} INFO - [0m07:07:19
[2025-12-24T07:07:19.646+0000] {subprocess.py:93} INFO - [0m07:07:19
[2025-12-24T07:07:19.647+0000] {subprocess.py:93} INFO - [0m07:07:19  Finished running  in 0 hours 0 minutes and 0.10 seconds (0.10s).
[2025-12-24T07:07:19.648+0000] {subprocess.py:93} INFO - [0m07:07:19  Encountered an error:
[2025-12-24T07:07:19.649+0000] {subprocess.py:93} INFO - Database Error
[2025-12-24T07:07:19.649+0000] {subprocess.py:93} INFO -   duplicate key value violates unique constraint "pg_namespace_nspname_index"
[2025-12-24T07:07:19.649+0000] {subprocess.py:93} INFO -   DETAIL:  Key (nspname)=(public_mart) already exists.
[2025-12-24T07:07:20.979+0000] {subprocess.py:97} INFO - Command exited with return code 2
[2025-12-24T07:07:20.982+0000] {taskinstance.py:441} INFO - ::group::Post task execution logs
[2025-12-24T07:07:21.001+0000] {taskinstance.py:2905} ERROR - Task failed with exception
Traceback (most recent call last):
  File "/home/airflow/.local/lib/python3.12/site-packages/airflow/models/taskinstance.py", line 465, in _execute_task
    result = _execute_callable(context=context, **execute_callable_kwargs)
             ^^^^^^^^^^^^^^^^^^^^^^^^^^^^^^^^^^^^^^^^^^^^^^^^^^^^^^^^^^^^^
  File "/home/airflow/.local/lib/python3.12/site-packages/airflow/models/taskinstance.py", line 432, in _execute_callable
    return execute_callable(context=context, **execute_callable_kwargs)
           ^^^^^^^^^^^^^^^^^^^^^^^^^^^^^^^^^^^^^^^^^^^^^^^^^^^^^^^^^^^^
  File "/home/airflow/.local/lib/python3.12/site-packages/airflow/models/baseoperator.py", line 401, in wrapper
    return func(self, *args, **kwargs)
           ^^^^^^^^^^^^^^^^^^^^^^^^^^^
  File "/home/airflow/.local/lib/python3.12/site-packages/airflow/operators/bash.py", line 243, in execute
    raise AirflowException(
airflow.exceptions.AirflowException: Bash command failed. The command returned a non-zero exit code 2.
[2025-12-24T07:07:21.006+0000] {taskinstance.py:1206} INFO - Marking task as FAILED. dag_id=dbt_transformations_dag, task_id=dbt_run, run_id=scheduled__2025-12-23T00:00:00+00:00, execution_date=20251223T000000, start_date=20251224T070717, end_date=20251224T070721
[2025-12-24T07:07:21.017+0000] {standard_task_runner.py:110} ERROR - Failed to execute job 16 for task dbt_run (Bash command failed. The command returned a non-zero exit code 2.; 328)
[2025-12-24T07:07:21.035+0000] {local_task_job_runner.py:243} INFO - Task exited with return code 1
[2025-12-24T07:07:21.074+0000] {taskinstance.py:3503} INFO - 0 downstream tasks scheduled from follow-on schedule check
[2025-12-24T07:07:21.080+0000] {local_task_job_runner.py:222} INFO - ::endgroup::
